3 0.0650757 0.0493774
2.94 0.0701013 0.0528791
2.88 0.0746938 0.0566888
2.82 0.0820952 0.0622488
2.76 0.0900302 0.0681332
2.7 0.0987808 0.0773688
2.64 0.110877 0.0820716
2.58 0.130839 0.0982312
2.52 0.186131 0.131104
2.46 0.287347 0.194061
2.4 0.36472 0.19929
2.34 0.63992 0.202803
2.28 0.807496 0.0910427
2.22 0.870509 0.0686663
2.16 0.909835 0.0352335
2.1 0.93148 0.0301959
2.04 0.949899 0.0170644
1.98 0.959336 0.0160105
1.92 0.969683 0.0119071
1.86 0.97656 0.00911229
1.8 0.981425 0.00770339
1.74 0.985505 0.00649972
1.68 0.989096 0.0050275
1.62 0.991489 0.00437721
1.56 0.993637 0.00360036
1.5 0.995343 0.00300951
1.44 0.996535 0.00247465
1.38 0.99747 0.00207922
1.32 0.99826 0.00164492
1.26 0.998828 0.0013597
1.2 0.99924 0.00104617
1.14 0.999496 0.000846733
1.08 0.99968 0.000667229
1.02 0.999816 0.000496916
0.96 0.999898 0.000365578
0.9 0.999956 0.000238201
0.84 0.999976 0.000174604
0.78 0.999988 0.000131216
0.72 0.999998 5.28854e-05
0.66 0.999998 5.41791e-05
0.6 1 1.32072e-05
0.54 1 0
0.48 1 0
0.42 1 0
0.36 1 0
0.3 1 0
0.24 1 0
0.18 1 0
0.12 1 0
0.06 1 0
