3 0.0663112 0.049284
2.94 0.0739792 0.0576301
2.88 0.0810013 0.0587365
2.82 0.0862639 0.0640029
2.76 0.0936472 0.0697578
2.7 0.103957 0.0757061
2.64 0.106925 0.0775013
2.58 0.139529 0.0957692
2.52 0.169436 0.115506
2.46 0.184026 0.139321
2.4 0.228673 0.148283
2.34 0.464572 0.18247
2.28 0.528436 0.217882
2.22 0.772107 0.0719352
2.16 0.831235 0.048902
2.1 0.86445 0.0438611
2.04 0.897399 0.0238081
1.98 0.918426 0.0198514
1.92 0.934691 0.0159866
1.86 0.94623 0.0141685
1.8 0.956314 0.0113633
1.74 0.965426 0.00941578
1.68 0.972263 0.00814964
1.62 0.977785 0.00698384
1.56 0.982412 0.00606956
1.5 0.986557 0.00496145
1.44 0.989674 0.00430228
1.38 0.992116 0.00366472
1.32 0.994228 0.00303872
1.26 0.995782 0.00255709
1.2 0.996992 0.00211119
1.14 0.997962 0.00173662
1.08 0.998647 0.00137881
1.02 0.999154 0.00107079
0.96 0.999489 0.000826205
0.9 0.999709 0.000618713
0.84 0.999858 0.000431053
0.78 0.999926 0.000305966
0.72 0.999965 0.000211208
0.66 0.999989 0.000120253
0.6 0.999998 5.37244e-05
0.54 0.999999 3.25401e-05
0.48 1 1.88507e-05
0.42 1 0
0.36 1 0
0.3 1 0
0.24 1 0
0.18 1 0
0.12 1 0
0.06 1 0
